
=== Fri Dec 19 22:01:23 2025

Packages were changed.
Update Mode: updateDependencies

The following packages were added:
  com.unity.modules.adaptiveperformance@1.0.0
  com.unity.modules.vectorgraphics@1.0.0
  com.unity.ai.navigation@2.0.9
  com.unity.modules.accessibility@1.0.0
  com.unity.multiplayer.center@1.0.1
The following packages were updated:
  com.unity.ads from version 4.3.0 to 4.16.4
  com.unity.collab-proxy from version 2.0.0 to 2.10.2
  com.unity.feature.2d from version 1.0.0 to 2.0.2
  com.unity.ide.rider from version 3.0.18 to 3.0.38
  com.unity.ide.visualstudio from version 2.0.17 to 2.0.25
  com.unity.purchasing from version 4.5.2 to 4.14.0
  com.unity.recorder from version 3.0.3 to 5.1.3
  com.unity.render-pipelines.universal from version 12.1.10 to 17.3.0
  com.unity.test-framework from version 1.1.31 to 1.6.0
  com.unity.timeline from version 1.6.4 to 1.8.9
  com.unity.ugui from version 1.0.0 to 2.0.0
  com.unity.visualscripting from version 1.8.0 to 1.9.9
The following packages were removed:
  com.unity.textmeshpro@3.0.6
